<?xml version="1.0" encoding="UTF-8"?>
<robot generator="Robot 3.1.2 (Python 3.7.2 on win32)" generated="20211019 14:39:16.392" rpa="false">
<suite id="s1" name="Test" source="D:\Users\nusahin\Documents\GitHub\ModaNisa_Interview\TestCases\Test.robot">
<test id="s1-t1" name="deneme">
<kw name="create session firefox" library="Base" type="setup">
<kw name="Open Browser" library="SeleniumLibrary">
<doc>Opens a new browser instance to the given ``url``.</doc>
<arguments>
<arg>${todom_url}</arg>
<arg>firefox</arg>
<arg>options=add_argument("--ignore-certificate-errors");</arg>
</arguments>
<msg timestamp="20211019 14:39:17.858" level="INFO">Opening browser 'firefox' to base url 'https://todomvc.com/examples/vue/#'.</msg>
<status status="PASS" starttime="20211019 14:39:17.858" endtime="20211019 14:39:22.333"></status>
</kw>
<kw name="Maximize Browser Window" library="SeleniumLibrary">
<doc>Maximizes current browser window.</doc>
<status status="PASS" starttime="20211019 14:39:22.334" endtime="20211019 14:39:22.708"></status>
</kw>
<status status="PASS" starttime="20211019 14:39:17.858" endtime="20211019 14:39:22.708"></status>
</kw>
<kw name="Given Wait Until Page Contains Element" library="SeleniumLibrary">
<doc>Waits until element ``locator`` appears on current page.</doc>
<arguments>
<arg>${what needs to be done inputText}</arg>
<arg>timeout=15</arg>
<arg>error=DO NOT DISPLAYED inputText</arg>
</arguments>
<status status="PASS" starttime="20211019 14:39:22.708" endtime="20211019 14:39:22.723"></status>
</kw>
<kw name="And steps.I write and press Key" library="steps">
<arguments>
<arg>deneme</arg>
<arg>ENTER</arg>
</arguments>
<kw name="Wait Until Page Contains Element" library="SeleniumLibrary">
<doc>Waits until element ``locator`` appears on current page.</doc>
<arguments>
<arg>${what needs to be done inputText}</arg>
<arg>timeout=15</arg>
<arg>error=DO NOT DISPLAYED inputText</arg>
</arguments>
<status status="PASS" starttime="20211019 14:39:22.724" endtime="20211019 14:39:22.736"></status>
</kw>
<kw name="Input Text" library="SeleniumLibrary">
<doc>Types the given ``text`` into text field identified by ``locator``.</doc>
<arguments>
<arg>${what needs to be done inputText}</arg>
<arg>${variable}</arg>
</arguments>
<msg timestamp="20211019 14:39:22.737" level="INFO">Typing text 'deneme' into text field '//input[contains(@placeholder,'What needs to be done')]'.</msg>
<status status="PASS" starttime="20211019 14:39:22.736" endtime="20211019 14:39:22.776"></status>
</kw>
<kw name="Press Keys" library="SeleniumLibrary">
<doc>Simulates user pressing key(s) to an element or on the active browser.</doc>
<arguments>
<arg>${what needs to be done inputText}</arg>
<arg>${key}</arg>
</arguments>
<msg timestamp="20211019 14:39:22.777" level="INFO">Sending key(s) ('ENTER',) to //input[contains(@placeholder,'What needs to be done')] element.</msg>
<msg timestamp="20211019 14:39:22.784" level="INFO">Pressing special key ENTER to element.</msg>
<status status="PASS" starttime="20211019 14:39:22.776" endtime="20211019 14:39:23.057"></status>
</kw>
<status status="PASS" starttime="20211019 14:39:22.724" endtime="20211019 14:39:23.057"></status>
</kw>
<kw name="Then sleep" library="BuiltIn">
<doc>Pauses the test executed for the given time.</doc>
<arguments>
<arg>5s</arg>
</arguments>
<msg timestamp="20211019 14:39:28.059" level="INFO">Slept 5 seconds</msg>
<status status="PASS" starttime="20211019 14:39:23.058" endtime="20211019 14:39:28.059"></status>
</kw>
<kw name="close session" library="Base" type="teardown">
<kw name="Close All Browsers" library="SeleniumLibrary">
<doc>Closes all open browsers and resets the browser cache.</doc>
<status status="PASS" starttime="20211019 14:39:28.060" endtime="20211019 14:39:30.081"></status>
</kw>
<status status="PASS" starttime="20211019 14:39:28.060" endtime="20211019 14:39:30.081"></status>
</kw>
<status status="PASS" starttime="20211019 14:39:17.858" endtime="20211019 14:39:30.082" critical="yes"></status>
</test>
<status status="PASS" starttime="20211019 14:39:16.395" endtime="20211019 14:39:30.084"></status>
</suite>
<statistics>
<total>
<stat pass="1" fail="0">Critical Tests</stat>
<stat pass="1" fail="0">All Tests</stat>
</total>
<tag>
</tag>
<suite>
<stat pass="1" fail="0" id="s1" name="Test">Test</stat>
</suite>
</statistics>
<errors>
<msg timestamp="20211019 14:39:16.816" level="ERROR">Error in file 'D:\Users\nusahin\Documents\GitHub\ModaNisa_Interview\TestCases\Test.robot': Importing test library 'RequestLibrary' failed: ModuleNotFoundError: No module named 'RequestLibrary'
Traceback (most recent call last):
  None
PYTHONPATH:
  D:\Users\nusahin\Documents\GitHub\ModaNisa_Interview
  C:\Program Files (x86)\testerq\Python\Lib\http
  C:\Program Files (x86)\testerq\python\python37.zip
  C:\Program Files (x86)\testerq\python\DLLs
  C:\Program Files (x86)\testerq\python\lib
  C:\Program Files (x86)\testerq\python
  D:\Users\nusahin\AppData\Roaming\Python\Python37\site-packages
  C:\Program Files (x86)\testerq\python\lib\site-packages
  C:\Program Files (x86)\testerq\python\lib\site-packages\robotframework_openstflibrary-0.1.1-py3.7.egg
  C:\Program Files (x86)\testerq\python\lib\site-packages\pyswagger-0.8.39-py3.7.egg
  C:\Program Files (x86)\testerq\python\lib\site-packages\validate_email-1.3-py3.7.egg
  C:\Program Files (x86)\testerq\python\lib\site-packages\pyaml-18.11.0-py3.7.egg
  C:\Program Files (x86)\testerq\python\lib\site-packages\pyyaml-4.2b4-py3.7-win32.egg
  C:\Program Files (x86)\testerq\python\lib\site-packages\robotframework_requests-0.5.0-py3.7.egg
  C:\Program Files (x86)\testerq\python\lib\site-packages\idna-2.8-py3.7.egg
  C:\Program Files (x86)\testerq\python\lib\site-packages\chardet-3.0.4-py3.7.egg
  C:\Program Files (x86)\testerq\python\lib\site-packages\certifi-2018.11.29-py3.7.egg
  C:\Program Files (x86)\testerq\python\lib\site-packages\robotframework_jsonlibrary-0.2-py3.7.egg
  C:\Program Files (x86)\testerq\python\lib\site-packages\coverage-5.0a4-py3.7-win32.egg
  C:\Program Files (x86)\testerq\python\lib\site-packages\tox-3.6.1-py3.7.egg
  C:\Program Files (x86)\testerq\python\lib\site-packages\virtualenv-16.2.0-py3.7.egg
  C:\Program Files (x86)\testerq\python\lib\site-packages\toml-0.10.0-py3.7.egg
  C:\Program Files (x86)\testerq\python\lib\site-packages\py-1.7.0-py3.7.egg
  C:\Program Files (x86)\testerq\python\lib\site-packages\filelock-3.0.10-py3.7.egg
  C:\Program Files (x86)\testerq\python\lib\site-packages\robotframework_csvlibrary-0.0.2-py3.7.egg
  C:\Program Files (x86)\testerq\python\lib\site-packages\robotframework_stublibrary-0.1.5-py3.7.egg
  C:\Program Files (x86)\testerq\python\lib\site-packages\gevent-1.5a1-py3.7-win32.egg
  C:\Program Files (x86)\testerq\python\lib\site-packages\allpairspy-2.5.0-py3.7.egg
  C:\Program Files (x86)\testerq\python\lib\site-packages\jsonpointer-2.0-py3.7.egg
  C:\Program Files (x86)\testerq\python\lib\site-packages\falcon_multipart-0.2.0-py3.7.egg
  C:\Program Files (x86)\testerq\python\lib\site-packages\jsonpatch-1.24-py3.7.egg
  C:\Program Files (x86)\testerq\python\lib\site-packages\webtest-2.0.33-py3.7.egg
  C:\Program Files (x86)\testerq\python\lib\site-packages\psutil-5.6.3-py3.7-win32.egg
  C:\Program Files (x86)\testerq\python\lib\site-packages\greenlet-0.4.15-py3.7-win32.egg
  C:\Program Files (x86)\testerq\python\lib\site-packages\cffi-1.12.3-py3.7-win32.egg
  C:\Program Files (x86)\testerq\python\lib\site-packages\waitress-1.3.0-py3.7.egg
  C:\Program Files (x86)\testerq\python\lib\site-packages\beautifulsoup4-4.8.0-py3.7.egg
  C:\Program Files (x86)\testerq\python\lib\site-packages\webob-1.8.5-py3.7.egg
  C:\Program Files (x86)\testerq\python\lib\site-packages\pycparser-2.19-py3.7.egg
  C:\Program Files (x86)\testerq\python\lib\site-packages\soupsieve-1.9.2-py3.7.egg
  C:\Program Files (x86)\testerq\python\lib\site-packages\win32
  C:\Program Files (x86)\testerq\python\lib\site-packages\win32\lib
  C:\Program Files (x86)\testerq\python\lib\site-packages\Pythonwin</msg>
<msg timestamp="20211019 14:39:16.824" level="WARN">Imported resource file 'D:\Users\nusahin\Documents\GitHub\ModaNisa_Interview\Resources\Config\Pages\Login.robot' is empty.</msg>
</errors>
</robot>
